<?xml version="1.0" encoding="UTF-8"?>
<coverage generated="1780083322268" clover="3.2.0">
  <project timestamp="1780083322268" name="All files">
    <metrics statements="117" coveredstatements="99" conditionals="44" coveredconditionals="38" methods="61" coveredmethods="50" elements="222" coveredelements="187" complexity="0" loc="117" ncloc="117" packages="16" files="18" classes="18"/>
    <package name="src">
      <metrics statements="1" coveredstatements="1" conditionals="0" coveredconditionals="0" methods="1" coveredmethods="1"/>
      <file name="App.tsx" path="C:\Users\koste\OneDrive\Рабочий стол\RSS React\react-class-components\src\App.tsx">
        <metrics statements="1" coveredstatements="1" conditionals="0" coveredconditionals="0" methods="1" coveredmethods="1"/>
        <line num="8" count="3" type="stmt"/>
      </file>
      <file name="types.ts" path="C:\Users\koste\OneDrive\Рабочий стол\RSS React\react-class-components\src\types.ts">
        <metrics statements="0" coveredstatements="0" conditionals="0" coveredconditionals="0" methods="0" coveredmethods="0"/>
      </file>
    </package>
    <package name="src.components.Card">
      <metrics statements="10" coveredstatements="10" conditionals="2" coveredconditionals="1" methods="8" coveredmethods="8"/>
      <file name="Card.tsx" path="C:\Users\koste\OneDrive\Рабочий стол\RSS React\react-class-components\src\components\Card\Card.tsx">
        <metrics statements="10" coveredstatements="10" conditionals="2" coveredconditionals="1" methods="8" coveredmethods="8"/>
        <line num="5" count="14" type="stmt"/>
        <line num="6" count="43" type="stmt"/>
        <line num="7" count="43" type="stmt"/>
        <line num="8" count="43" type="stmt"/>
        <line num="10" count="14" type="stmt"/>
        <line num="12" count="14" type="stmt"/>
        <line num="15" count="1" type="stmt"/>
        <line num="16" count="1" type="stmt"/>
        <line num="24" count="1" type="cond" truecount="1" falsecount="1"/>
        <line num="26" count="1" type="stmt"/>
      </file>
    </package>
    <package name="src.components.CardList">
      <metrics statements="2" coveredstatements="2" conditionals="2" coveredconditionals="1" methods="2" coveredmethods="2"/>
      <file name="CardList.tsx" path="C:\Users\koste\OneDrive\Рабочий стол\RSS React\react-class-components\src\components\CardList\CardList.tsx">
        <metrics statements="2" coveredstatements="2" conditionals="2" coveredconditionals="1" methods="2" coveredmethods="2"/>
        <line num="5" count="8" type="stmt"/>
        <line num="8" count="9" type="stmt"/>
      </file>
    </package>
    <package name="src.components.ErrorBoundary">
      <metrics statements="6" coveredstatements="6" conditionals="2" coveredconditionals="2" methods="3" coveredmethods="3"/>
      <file name="ErrorBoundary.tsx" path="C:\Users\koste\OneDrive\Рабочий стол\RSS React\react-class-components\src\components\ErrorBoundary\ErrorBoundary.tsx">
        <metrics statements="6" coveredstatements="6" conditionals="2" coveredconditionals="2" methods="3" coveredmethods="3"/>
        <line num="5" count="4" type="stmt"/>
        <line num="10" count="2" type="stmt"/>
        <line num="13" count="1" type="stmt"/>
        <line num="17" count="6" type="cond" truecount="2" falsecount="0"/>
        <line num="18" count="2" type="stmt"/>
        <line num="25" count="4" type="stmt"/>
      </file>
    </package>
    <package name="src.components.Flyout">
      <metrics statements="13" coveredstatements="5" conditionals="2" coveredconditionals="2" methods="5" coveredmethods="3"/>
      <file name="Flyout.tsx" path="C:\Users\koste\OneDrive\Рабочий стол\RSS React\react-class-components\src\components\Flyout\Flyout.tsx">
        <metrics statements="13" coveredstatements="5" conditionals="2" coveredconditionals="2" methods="5" coveredmethods="3"/>
        <line num="4" count="59" type="stmt"/>
        <line num="5" count="59" type="stmt"/>
        <line num="8" count="0" type="stmt"/>
        <line num="9" count="0" type="stmt"/>
        <line num="10" count="0" type="stmt"/>
        <line num="11" count="0" type="stmt"/>
        <line num="12" count="0" type="stmt"/>
        <line num="13" count="0" type="stmt"/>
        <line num="14" count="0" type="stmt"/>
        <line num="15" count="0" type="stmt"/>
        <line num="18" count="19" type="cond" truecount="2" falsecount="0"/>
        <line num="19" count="17" type="stmt"/>
        <line num="21" count="2" type="stmt"/>
      </file>
    </package>
    <package name="src.components.Header">
      <metrics statements="4" coveredstatements="4" conditionals="6" coveredconditionals="5" methods="2" coveredmethods="2"/>
      <file name="Header.tsx" path="C:\Users\koste\OneDrive\Рабочий стол\RSS React\react-class-components\src\components\Header\Header.tsx">
        <metrics statements="4" coveredstatements="4" conditionals="6" coveredconditionals="5" methods="2" coveredmethods="2"/>
        <line num="8" count="19" type="stmt"/>
        <line num="9" count="19" type="stmt"/>
        <line num="12" count="1" type="cond" truecount="1" falsecount="1"/>
        <line num="15" count="19" type="stmt"/>
      </file>
    </package>
    <package name="src.components.Main">
      <metrics statements="5" coveredstatements="5" conditionals="4" coveredconditionals="4" methods="1" coveredmethods="1"/>
      <file name="Main.tsx" path="C:\Users\koste\OneDrive\Рабочий стол\RSS React\react-class-components\src\components\Main\Main.tsx">
        <metrics statements="5" coveredstatements="5" conditionals="4" coveredconditionals="4" methods="1" coveredmethods="1"/>
        <line num="5" count="18" type="cond" truecount="2" falsecount="0"/>
        <line num="6" count="9" type="stmt"/>
        <line num="18" count="9" type="cond" truecount="2" falsecount="0"/>
        <line num="19" count="3" type="stmt"/>
        <line num="26" count="6" type="stmt"/>
      </file>
    </package>
    <package name="src.components.Pagination">
      <metrics statements="5" coveredstatements="5" conditionals="0" coveredconditionals="0" methods="3" coveredmethods="3"/>
      <file name="Pagination.tsx" path="C:\Users\koste\OneDrive\Рабочий стол\RSS React\react-class-components\src\components\Pagination\Pagination.tsx">
        <metrics statements="5" coveredstatements="5" conditionals="0" coveredconditionals="0" methods="3" coveredmethods="3"/>
        <line num="8" count="10" type="stmt"/>
        <line num="13" count="1" type="stmt"/>
        <line num="14" count="1" type="stmt"/>
        <line num="24" count="1" type="stmt"/>
        <line num="25" count="1" type="stmt"/>
      </file>
    </package>
    <package name="src.components.Search">
      <metrics statements="4" coveredstatements="4" conditionals="0" coveredconditionals="0" methods="3" coveredmethods="3"/>
      <file name="Search.tsx" path="C:\Users\koste\OneDrive\Рабочий стол\RSS React\react-class-components\src\components\Search\Search.tsx">
        <metrics statements="4" coveredstatements="4" conditionals="0" coveredconditionals="0" methods="3" coveredmethods="3"/>
        <line num="5" count="39" type="stmt"/>
        <line num="8" count="2" type="stmt"/>
        <line num="11" count="39" type="stmt"/>
        <line num="16" count="15" type="stmt"/>
      </file>
    </package>
    <package name="src.context">
      <metrics statements="6" coveredstatements="6" conditionals="0" coveredconditionals="0" methods="4" coveredmethods="3"/>
      <file name="ThemeContext.tsx" path="C:\Users\koste\OneDrive\Рабочий стол\RSS React\react-class-components\src\context\ThemeContext.tsx">
        <metrics statements="2" coveredstatements="2" conditionals="0" coveredconditionals="0" methods="2" coveredmethods="1"/>
        <line num="8" count="4" type="stmt"/>
        <line num="14" count="19" type="stmt"/>
      </file>
      <file name="ThemeProvider.tsx" path="C:\Users\koste\OneDrive\Рабочий стол\RSS React\react-class-components\src\context\ThemeProvider.tsx">
        <metrics statements="4" coveredstatements="4" conditionals="0" coveredconditionals="0" methods="2" coveredmethods="2"/>
        <line num="5" count="3" type="stmt"/>
        <line num="7" count="3" type="stmt"/>
        <line num="8" count="3" type="stmt"/>
        <line num="11" count="3" type="stmt"/>
      </file>
    </package>
    <package name="src.hooks">
      <metrics statements="4" coveredstatements="4" conditionals="0" coveredconditionals="0" methods="3" coveredmethods="3"/>
      <file name="useLocalStorage.ts" path="C:\Users\koste\OneDrive\Рабочий стол\RSS React\react-class-components\src\hooks\useLocalStorage.ts">
        <metrics statements="4" coveredstatements="4" conditionals="0" coveredconditionals="0" methods="3" coveredmethods="3"/>
        <line num="4" count="34" type="stmt"/>
        <line num="5" count="34" type="stmt"/>
        <line num="6" count="1" type="stmt"/>
        <line num="9" count="34" type="stmt"/>
      </file>
    </package>
    <package name="src.pages.AboutPage">
      <metrics statements="1" coveredstatements="1" conditionals="0" coveredconditionals="0" methods="1" coveredmethods="1"/>
      <file name="AboutPage.tsx" path="C:\Users\koste\OneDrive\Рабочий стол\RSS React\react-class-components\src\pages\AboutPage\AboutPage.tsx">
        <metrics statements="1" coveredstatements="1" conditionals="0" coveredconditionals="0" methods="1" coveredmethods="1"/>
        <line num="4" count="2" type="stmt"/>
      </file>
    </package>
    <package name="src.pages.MainPage">
      <metrics statements="34" coveredstatements="28" conditionals="18" coveredconditionals="17" methods="11" coveredmethods="5"/>
      <file name="MainPage.tsx" path="C:\Users\koste\OneDrive\Рабочий стол\RSS React\react-class-components\src\pages\MainPage\MainPage.tsx">
        <metrics statements="34" coveredstatements="28" conditionals="18" coveredconditionals="17" methods="11" coveredmethods="5"/>
        <line num="13" count="15" type="stmt"/>
        <line num="14" count="15" type="stmt"/>
        <line num="15" count="15" type="cond" truecount="2" falsecount="0"/>
        <line num="16" count="15" type="stmt"/>
        <line num="17" count="15" type="stmt"/>
        <line num="18" count="15" type="stmt"/>
        <line num="19" count="15" type="stmt"/>
        <line num="20" count="15" type="stmt"/>
        <line num="21" count="0" type="stmt"/>
        <line num="25" count="1" type="stmt"/>
        <line num="27" count="1" type="stmt"/>
        <line num="28" count="1" type="stmt"/>
        <line num="31" count="15" type="stmt"/>
        <line num="34" count="8" type="cond" truecount="2" falsecount="0"/>
        <line num="35" count="3" type="stmt"/>
        <line num="37" count="3" type="cond" truecount="2" falsecount="0"/>
        <line num="38" count="1" type="stmt"/>
        <line num="40" count="2" type="stmt"/>
        <line num="44" count="5" type="stmt"/>
        <line num="45" count="5" type="stmt"/>
        <line num="48" count="5" type="cond" truecount="2" falsecount="0"/>
        <line num="49" count="1" type="stmt"/>
        <line num="51" count="4" type="stmt"/>
        <line num="57" count="15" type="stmt"/>
        <line num="59" count="15" type="stmt"/>
        <line num="60" count="0" type="stmt"/>
        <line num="63" count="15" type="cond" truecount="2" falsecount="0"/>
        <line num="74" count="15" type="cond" truecount="1" falsecount="1"/>
        <line num="75" count="0" type="stmt"/>
        <line num="78" count="15" type="stmt"/>
        <line num="79" count="0" type="stmt"/>
        <line num="80" count="0" type="stmt"/>
        <line num="83" count="15" type="stmt"/>
        <line num="107" count="0" type="stmt"/>
      </file>
    </package>
    <package name="src.pages.NotFoundPage">
      <metrics statements="1" coveredstatements="1" conditionals="0" coveredconditionals="0" methods="1" coveredmethods="1"/>
      <file name="NotFoundPage.tsx" path="C:\Users\koste\OneDrive\Рабочий стол\RSS React\react-class-components\src\pages\NotFoundPage\NotFoundPage.tsx">
        <metrics statements="1" coveredstatements="1" conditionals="0" coveredconditionals="0" methods="1" coveredmethods="1"/>
        <line num="4" count="2" type="stmt"/>
      </file>
    </package>
    <package name="src.pages.PokemonDetailPage">
      <metrics statements="16" coveredstatements="13" conditionals="8" coveredconditionals="6" methods="5" coveredmethods="4"/>
      <file name="PokemonDetailPage.tsx" path="C:\Users\koste\OneDrive\Рабочий стол\RSS React\react-class-components\src\pages\PokemonDetailPage\PokemonDetailPage.tsx">
        <metrics statements="16" coveredstatements="13" conditionals="8" coveredconditionals="6" methods="5" coveredmethods="4"/>
        <line num="6" count="6" type="stmt"/>
        <line num="7" count="6" type="stmt"/>
        <line num="9" count="6" type="stmt"/>
        <line num="10" count="0" type="stmt"/>
        <line num="11" count="0" type="stmt"/>
        <line num="14" count="6" type="stmt"/>
        <line num="17" count="2" type="stmt"/>
        <line num="18" count="1" type="stmt"/>
        <line num="22" count="6" type="cond" truecount="2" falsecount="0"/>
        <line num="24" count="3" type="cond" truecount="1" falsecount="1"/>
        <line num="26" count="3" type="cond" truecount="2" falsecount="0"/>
        <line num="27" count="2" type="stmt"/>
        <line num="37" count="1" type="cond" truecount="1" falsecount="1"/>
        <line num="38" count="0" type="stmt"/>
        <line num="41" count="1" type="stmt"/>
        <line num="47" count="1" type="stmt"/>
      </file>
    </package>
    <package name="src.store">
      <metrics statements="5" coveredstatements="4" conditionals="0" coveredconditionals="0" methods="8" coveredmethods="7"/>
      <file name="store.ts" path="C:\Users\koste\OneDrive\Рабочий стол\RSS React\react-class-components\src\store\store.ts">
        <metrics statements="5" coveredstatements="4" conditionals="0" coveredconditionals="0" methods="8" coveredmethods="7"/>
        <line num="11" count="7" type="stmt"/>
        <line num="15" count="2" type="stmt"/>
        <line num="19" count="1" type="stmt"/>
        <line num="20" count="0" type="stmt"/>
        <line num="23" count="2" type="stmt"/>
      </file>
    </package>
  </project>
</coverage>
