{"C:\\Users\\koste\\OneDrive\\Рабочий стол\\RSS React\\react-class-components\\src\\App.tsx": {"path":"C:\\Users\\koste\\OneDrive\\Рабочий стол\\RSS React\\react-class-components\\src\\App.tsx","statementMap":{"0":{"start":{"line":8,"column":2},"end":{"line":15,"column":null}}},"fnMap":{"0":{"name":"App","decl":{"start":{"line":7,"column":9},"end":{"line":7,"column":15}},"loc":{"start":{"line":7,"column":15},"end":{"line":15,"column":null}},"line":7}},"branchMap":{},"s":{"0":3},"f":{"0":3},"b":{},"meta":{"lastBranch":0,"lastFunction":1,"lastStatement":1,"seen":{"f:7:9:7:15":0,"s:8:2:15:Infinity":0}}}
,"C:\\Users\\koste\\OneDrive\\Рабочий стол\\RSS React\\react-class-components\\src\\types.ts": {"path":"C:\\Users\\koste\\OneDrive\\Рабочий стол\\RSS React\\react-class-components\\src\\types.ts","statementMap":{},"fnMap":{},"branchMap":{},"s":{},"f":{},"b":{},"meta":{"lastBranch":0,"lastFunction":0,"lastStatement":0,"seen":{}}}
,"C:\\Users\\koste\\OneDrive\\Рабочий стол\\RSS React\\react-class-components\\src\\components\\Card\\Card.tsx": {"path":"C:\\Users\\koste\\OneDrive\\Рабочий стол\\RSS React\\react-class-components\\src\\components\\Card\\Card.tsx","statementMap":{"0":{"start":{"line":5,"column":13},"end":{"line":5,"column":42}},"1":{"start":{"line":6,"column":8},"end":{"line":6,"column":65}},"2":{"start":{"line":6,"column":48},"end":{"line":6,"column":65}},"3":{"start":{"line":7,"column":8},"end":{"line":7,"column":71}},"4":{"start":{"line":7,"column":51},"end":{"line":7,"column":71}},"5":{"start":{"line":8,"column":8},"end":{"line":8,"column":61}},"6":{"start":{"line":8,"column":46},"end":{"line":8,"column":61}},"7":{"start":{"line":10,"column":21},"end":{"line":10,"column":64}},"8":{"start":{"line":10,"column":42},"end":{"line":10,"column":64}},"9":{"start":{"line":12,"column":2},"end":{"line":29,"column":null}},"10":{"start":{"line":15,"column":8},"end":{"line":15,"column":null}},"11":{"start":{"line":16,"column":8},"end":{"line":16,"column":null}},"12":{"start":{"line":24,"column":10},"end":{"line":24,"column":67}},"13":{"start":{"line":26,"column":24},"end":{"line":26,"column":null}}},"fnMap":{"0":{"name":"Card","decl":{"start":{"line":4,"column":9},"end":{"line":4,"column":14}},"loc":{"start":{"line":4,"column":48},"end":{"line":29,"column":null}},"line":4},"1":{"name":"(anonymous_1)","decl":{"start":{"line":6,"column":21},"end":{"line":6,"column":38}},"loc":{"start":{"line":6,"column":48},"end":{"line":6,"column":65}},"line":6},"2":{"name":"(anonymous_2)","decl":{"start":{"line":7,"column":24},"end":{"line":7,"column":41}},"loc":{"start":{"line":7,"column":51},"end":{"line":7,"column":71}},"line":7},"3":{"name":"(anonymous_3)","decl":{"start":{"line":8,"column":19},"end":{"line":8,"column":36}},"loc":{"start":{"line":8,"column":46},"end":{"line":8,"column":61}},"line":8},"4":{"name":"(anonymous_4)","decl":{"start":{"line":10,"column":30},"end":{"line":10,"column":36}},"loc":{"start":{"line":10,"column":42},"end":{"line":10,"column":64}},"line":10},"5":{"name":"(anonymous_5)","decl":{"start":{"line":14,"column":6},"end":{"line":14,"column":16}},"loc":{"start":{"line":14,"column":22},"end":{"line":16,"column":null}},"line":14},"6":{"name":"(anonymous_6)","decl":{"start":{"line":23,"column":8},"end":{"line":23,"column":null}},"loc":{"start":{"line":24,"column":10},"end":{"line":24,"column":67}},"line":24},"7":{"name":"(anonymous_7)","decl":{"start":{"line":26,"column":8},"end":{"line":26,"column":18}},"loc":{"start":{"line":26,"column":24},"end":{"line":26,"column":null}},"line":26}},"branchMap":{"0":{"loc":{"start":{"line":24,"column":10},"end":{"line":24,"column":67}},"type":"cond-expr","locations":[{"start":{"line":24,"column":23},"end":{"line":24,"column":45}},{"start":{"line":24,"column":48},"end":{"line":24,"column":67}}],"line":24}},"s":{"0":14,"1":14,"2":43,"3":14,"4":43,"5":14,"6":43,"7":14,"8":1,"9":14,"10":1,"11":1,"12":1,"13":1},"f":{"0":14,"1":43,"2":43,"3":43,"4":1,"5":1,"6":1,"7":1},"b":{"0":[0,1]},"meta":{"lastBranch":1,"lastFunction":8,"lastStatement":14,"seen":{"f:4:9:4:14":0,"s:5:13:5:42":0,"s:6:8:6:65":1,"f:6:21:6:38":1,"s:6:48:6:65":2,"s:7:8:7:71":3,"f:7:24:7:41":2,"s:7:51:7:71":4,"s:8:8:8:61":5,"f:8:19:8:36":3,"s:8:46:8:61":6,"s:10:21:10:64":7,"f:10:30:10:36":4,"s:10:42:10:64":8,"s:12:2:29:Infinity":9,"f:14:6:14:16":5,"s:15:8:15:Infinity":10,"s:16:8:16:Infinity":11,"f:23:8:23:Infinity":6,"s:24:10:24:67":12,"b:24:23:24:45:24:48:24:67":0,"f:26:8:26:18":7,"s:26:24:26:Infinity":13}}}
,"C:\\Users\\koste\\OneDrive\\Рабочий стол\\RSS React\\react-class-components\\src\\components\\CardList\\CardList.tsx": {"path":"C:\\Users\\koste\\OneDrive\\Рабочий стол\\RSS React\\react-class-components\\src\\components\\CardList\\CardList.tsx","statementMap":{"0":{"start":{"line":5,"column":2},"end":{"line":10,"column":null}},"1":{"start":{"line":8,"column":8},"end":{"line":8,"column":null}}},"fnMap":{"0":{"name":"CardList","decl":{"start":{"line":4,"column":9},"end":{"line":4,"column":18}},"loc":{"start":{"line":4,"column":57},"end":{"line":10,"column":null}},"line":4},"1":{"name":"(anonymous_1)","decl":{"start":{"line":7,"column":24},"end":{"line":7,"column":29}},"loc":{"start":{"line":8,"column":8},"end":{"line":8,"column":null}},"line":8}},"branchMap":{"0":{"loc":{"start":{"line":7,"column":8},"end":{"line":7,"column":22}},"type":"binary-expr","locations":[{"start":{"line":7,"column":8},"end":{"line":7,"column":20}},{"start":{"line":7,"column":20},"end":{"line":7,"column":22}}],"line":7}},"s":{"0":8,"1":9},"f":{"0":8,"1":9},"b":{"0":[8,0]},"meta":{"lastBranch":1,"lastFunction":2,"lastStatement":2,"seen":{"f:4:9:4:18":0,"s:5:2:10:Infinity":0,"b:7:8:7:20:7:20:7:22":0,"f:7:24:7:29":1,"s:8:8:8:Infinity":1}}}
,"C:\\Users\\koste\\OneDrive\\Рабочий стол\\RSS React\\react-class-components\\src\\components\\ErrorBoundary\\ErrorBoundary.tsx": {"path":"C:\\Users\\koste\\OneDrive\\Рабочий стол\\RSS React\\react-class-components\\src\\components\\ErrorBoundary\\ErrorBoundary.tsx","statementMap":{"0":{"start":{"line":5,"column":30},"end":{"line":6,"column":null}},"1":{"start":{"line":10,"column":4},"end":{"line":10,"column":null}},"2":{"start":{"line":13,"column":4},"end":{"line":13,"column":null}},"3":{"start":{"line":17,"column":4},"end":{"line":21,"column":null}},"4":{"start":{"line":18,"column":6},"end":{"line":21,"column":null}},"5":{"start":{"line":25,"column":4},"end":{"line":25,"column":null}}},"fnMap":{"0":{"name":"(anonymous_0)","decl":{"start":{"line":9,"column":9},"end":{"line":9,"column":36}},"loc":{"start":{"line":9,"column":36},"end":{"line":10,"column":null}},"line":9},"1":{"name":"(anonymous_1)","decl":{"start":{"line":12,"column":2},"end":{"line":12,"column":20}},"loc":{"start":{"line":12,"column":57},"end":{"line":13,"column":null}},"line":12},"2":{"name":"(anonymous_2)","decl":{"start":{"line":16,"column":2},"end":{"line":16,"column":11}},"loc":{"start":{"line":16,"column":11},"end":{"line":25,"column":null}},"line":16}},"branchMap":{"0":{"loc":{"start":{"line":17,"column":4},"end":{"line":21,"column":null}},"type":"if","locations":[{"start":{"line":17,"column":4},"end":{"line":21,"column":null}},{"start":{},"end":{}}],"line":17}},"s":{"0":4,"1":2,"2":1,"3":6,"4":2,"5":4},"f":{"0":4,"1":1,"2":6},"b":{"0":[2,4]},"meta":{"lastBranch":1,"lastFunction":3,"lastStatement":6,"seen":{"s:5:30:6:Infinity":0,"f:9:9:9:36":0,"s:10:4:10:Infinity":1,"f:12:2:12:20":1,"s:13:4:13:Infinity":2,"f:16:2:16:11":2,"b:17:4:21:Infinity:undefined:undefined:undefined:undefined":0,"s:17:4:21:Infinity":3,"s:18:6:21:Infinity":4,"s:25:4:25:Infinity":5}}}
,"C:\\Users\\koste\\OneDrive\\Рабочий стол\\RSS React\\react-class-components\\src\\components\\Flyout\\Flyout.tsx": {"path":"C:\\Users\\koste\\OneDrive\\Рабочий стол\\RSS React\\react-class-components\\src\\components\\Flyout\\Flyout.tsx","statementMap":{"0":{"start":{"line":4,"column":8},"end":{"line":4,"column":61}},"1":{"start":{"line":4,"column":46},"end":{"line":4,"column":61}},"2":{"start":{"line":5,"column":8},"end":{"line":5,"column":71}},"3":{"start":{"line":5,"column":51},"end":{"line":5,"column":71}},"4":{"start":{"line":8,"column":16},"end":{"line":8,"column":null}},"5":{"start":{"line":8,"column":50},"end":{"line":8,"column":72}},"6":{"start":{"line":9,"column":17},"end":{"line":9,"column":54}},"7":{"start":{"line":10,"column":16},"end":{"line":10,"column":41}},"8":{"start":{"line":11,"column":17},"end":{"line":11,"column":44}},"9":{"start":{"line":12,"column":4},"end":{"line":12,"column":null}},"10":{"start":{"line":13,"column":4},"end":{"line":13,"column":null}},"11":{"start":{"line":14,"column":4},"end":{"line":14,"column":null}},"12":{"start":{"line":15,"column":4},"end":{"line":15,"column":null}},"13":{"start":{"line":18,"column":2},"end":{"line":35,"column":null}},"14":{"start":{"line":19,"column":4},"end":{"line":19,"column":null}},"15":{"start":{"line":21,"column":4},"end":{"line":35,"column":null}}},"fnMap":{"0":{"name":"Flyout","decl":{"start":{"line":3,"column":16},"end":{"line":3,"column":25}},"loc":{"start":{"line":3,"column":25},"end":{"line":35,"column":null}},"line":3},"1":{"name":"(anonymous_1)","decl":{"start":{"line":4,"column":19},"end":{"line":4,"column":36}},"loc":{"start":{"line":4,"column":46},"end":{"line":4,"column":61}},"line":4},"2":{"name":"(anonymous_2)","decl":{"start":{"line":5,"column":24},"end":{"line":5,"column":41}},"loc":{"start":{"line":5,"column":51},"end":{"line":5,"column":71}},"line":5},"3":{"name":"handleDownload","decl":{"start":{"line":7,"column":11},"end":{"line":7,"column":28}},"loc":{"start":{"line":7,"column":28},"end":{"line":15,"column":null}},"line":7},"4":{"name":"(anonymous_4)","decl":{"start":{"line":8,"column":39},"end":{"line":8,"column":44}},"loc":{"start":{"line":8,"column":50},"end":{"line":8,"column":72}},"line":8}},"branchMap":{"0":{"loc":{"start":{"line":18,"column":2},"end":{"line":35,"column":null}},"type":"if","locations":[{"start":{"line":18,"column":2},"end":{"line":35,"column":null}},{"start":{"line":20,"column":9},"end":{"line":35,"column":null}}],"line":18}},"s":{"0":19,"1":59,"2":19,"3":59,"4":0,"5":0,"6":0,"7":0,"8":0,"9":0,"10":0,"11":0,"12":0,"13":19,"14":17,"15":2},"f":{"0":19,"1":59,"2":59,"3":0,"4":0},"b":{"0":[17,2]},"meta":{"lastBranch":1,"lastFunction":5,"lastStatement":16,"seen":{"f:3:16:3:25":0,"s:4:8:4:61":0,"f:4:19:4:36":1,"s:4:46:4:61":1,"s:5:8:5:71":2,"f:5:24:5:41":2,"s:5:51:5:71":3,"f:7:11:7:28":3,"s:8:16:8:Infinity":4,"f:8:39:8:44":4,"s:8:50:8:72":5,"s:9:17:9:54":6,"s:10:16:10:41":7,"s:11:17:11:44":8,"s:12:4:12:Infinity":9,"s:13:4:13:Infinity":10,"s:14:4:14:Infinity":11,"s:15:4:15:Infinity":12,"b:18:2:35:Infinity:20:9:35:Infinity":0,"s:18:2:35:Infinity":13,"s:19:4:19:Infinity":14,"s:21:4:35:Infinity":15}}}
,"C:\\Users\\koste\\OneDrive\\Рабочий стол\\RSS React\\react-class-components\\src\\components\\Header\\Header.tsx": {"path":"C:\\Users\\koste\\OneDrive\\Рабочий стол\\RSS React\\react-class-components\\src\\components\\Header\\Header.tsx","statementMap":{"0":{"start":{"line":8,"column":8},"end":{"line":8,"column":48}},"1":{"start":{"line":9,"column":17},"end":{"line":9,"column":40}},"2":{"start":{"line":12,"column":4},"end":{"line":12,"column":null}},"3":{"start":{"line":15,"column":2},"end":{"line":21,"column":null}}},"fnMap":{"0":{"name":"Header","decl":{"start":{"line":7,"column":9},"end":{"line":7,"column":16}},"loc":{"start":{"line":7,"column":43},"end":{"line":21,"column":null}},"line":7},"1":{"name":"handleThemeSwitch","decl":{"start":{"line":11,"column":11},"end":{"line":11,"column":31}},"loc":{"start":{"line":11,"column":31},"end":{"line":12,"column":null}},"line":11}},"branchMap":{"0":{"loc":{"start":{"line":12,"column":13},"end":{"line":12,"column":50}},"type":"cond-expr","locations":[{"start":{"line":12,"column":33},"end":{"line":12,"column":42}},{"start":{"line":12,"column":42},"end":{"line":12,"column":50}}],"line":12},"1":{"loc":{"start":{"line":18,"column":45},"end":{"line":18,"column":68}},"type":"binary-expr","locations":[{"start":{"line":18,"column":45},"end":{"line":18,"column":58}},{"start":{"line":18,"column":62},"end":{"line":18,"column":68}}],"line":18},"2":{"loc":{"start":{"line":20,"column":9},"end":{"line":20,"column":null}},"type":"cond-expr","locations":[{"start":{"line":20,"column":29},"end":{"line":20,"column":41}},{"start":{"line":20,"column":41},"end":{"line":20,"column":null}}],"line":20}},"s":{"0":19,"1":19,"2":1,"3":19},"f":{"0":19,"1":1},"b":{"0":[1,0],"1":[19,12],"2":[18,1]},"meta":{"lastBranch":3,"lastFunction":2,"lastStatement":4,"seen":{"f:7:9:7:16":0,"s:8:8:8:48":0,"s:9:17:9:40":1,"f:11:11:11:31":1,"s:12:4:12:Infinity":2,"b:12:33:12:42:12:42:12:50":0,"s:15:2:21:Infinity":3,"b:18:45:18:58:18:62:18:68":1,"b:20:29:20:41:20:41:20:Infinity":2}}}
,"C:\\Users\\koste\\OneDrive\\Рабочий стол\\RSS React\\react-class-components\\src\\components\\Main\\Main.tsx": {"path":"C:\\Users\\koste\\OneDrive\\Рабочий стол\\RSS React\\react-class-components\\src\\components\\Main\\Main.tsx","statementMap":{"0":{"start":{"line":5,"column":2},"end":{"line":14,"column":null}},"1":{"start":{"line":6,"column":4},"end":{"line":14,"column":null}},"2":{"start":{"line":18,"column":2},"end":{"line":22,"column":null}},"3":{"start":{"line":19,"column":4},"end":{"line":22,"column":null}},"4":{"start":{"line":26,"column":2},"end":{"line":29,"column":null}}},"fnMap":{"0":{"name":"Main","decl":{"start":{"line":4,"column":9},"end":{"line":4,"column":14}},"loc":{"start":{"line":4,"column":67},"end":{"line":29,"column":null}},"line":4}},"branchMap":{"0":{"loc":{"start":{"line":5,"column":2},"end":{"line":14,"column":null}},"type":"if","locations":[{"start":{"line":5,"column":2},"end":{"line":14,"column":null}},{"start":{},"end":{}}],"line":5},"1":{"loc":{"start":{"line":18,"column":2},"end":{"line":22,"column":null}},"type":"if","locations":[{"start":{"line":18,"column":2},"end":{"line":22,"column":null}},{"start":{},"end":{}}],"line":18}},"s":{"0":18,"1":9,"2":9,"3":3,"4":6},"f":{"0":18},"b":{"0":[9,9],"1":[3,6]},"meta":{"lastBranch":2,"lastFunction":1,"lastStatement":5,"seen":{"f:4:9:4:14":0,"b:5:2:14:Infinity:undefined:undefined:undefined:undefined":0,"s:5:2:14:Infinity":0,"s:6:4:14:Infinity":1,"b:18:2:22:Infinity:undefined:undefined:undefined:undefined":1,"s:18:2:22:Infinity":2,"s:19:4:22:Infinity":3,"s:26:2:29:Infinity":4}}}
,"C:\\Users\\koste\\OneDrive\\Рабочий стол\\RSS React\\react-class-components\\src\\components\\Pagination\\Pagination.tsx": {"path":"C:\\Users\\koste\\OneDrive\\Рабочий стол\\RSS React\\react-class-components\\src\\components\\Pagination\\Pagination.tsx","statementMap":{"0":{"start":{"line":8,"column":2},"end":{"line":30,"column":null}},"1":{"start":{"line":13,"column":10},"end":{"line":13,"column":null}},"2":{"start":{"line":14,"column":10},"end":{"line":14,"column":null}},"3":{"start":{"line":24,"column":10},"end":{"line":24,"column":null}},"4":{"start":{"line":25,"column":10},"end":{"line":25,"column":null}}},"fnMap":{"0":{"name":"Pagination","decl":{"start":{"line":7,"column":16},"end":{"line":7,"column":27}},"loc":{"start":{"line":7,"column":70},"end":{"line":30,"column":null}},"line":7},"1":{"name":"(anonymous_1)","decl":{"start":{"line":12,"column":8},"end":{"line":12,"column":18}},"loc":{"start":{"line":12,"column":24},"end":{"line":14,"column":null}},"line":12},"2":{"name":"(anonymous_2)","decl":{"start":{"line":23,"column":8},"end":{"line":23,"column":18}},"loc":{"start":{"line":23,"column":24},"end":{"line":25,"column":null}},"line":23}},"branchMap":{},"s":{"0":10,"1":1,"2":1,"3":1,"4":1},"f":{"0":10,"1":1,"2":1},"b":{},"meta":{"lastBranch":0,"lastFunction":3,"lastStatement":5,"seen":{"f:7:16:7:27":0,"s:8:2:30:Infinity":0,"f:12:8:12:18":1,"s:13:10:13:Infinity":1,"s:14:10:14:Infinity":2,"f:23:8:23:18":2,"s:24:10:24:Infinity":3,"s:25:10:25:Infinity":4}}}
,"C:\\Users\\koste\\OneDrive\\Рабочий стол\\RSS React\\react-class-components\\src\\components\\Search\\Search.tsx": {"path":"C:\\Users\\koste\\OneDrive\\Рабочий стол\\RSS React\\react-class-components\\src\\components\\Search\\Search.tsx","statementMap":{"0":{"start":{"line":5,"column":22},"end":{"line":5,"column":59}},"1":{"start":{"line":8,"column":4},"end":{"line":8,"column":null}},"2":{"start":{"line":11,"column":2},"end":{"line":24,"column":null}},"3":{"start":{"line":16,"column":25},"end":{"line":16,"column":null}}},"fnMap":{"0":{"name":"Search","decl":{"start":{"line":4,"column":9},"end":{"line":4,"column":16}},"loc":{"start":{"line":4,"column":54},"end":{"line":24,"column":null}},"line":4},"1":{"name":"handleClick","decl":{"start":{"line":7,"column":11},"end":{"line":7,"column":31}},"loc":{"start":{"line":7,"column":31},"end":{"line":8,"column":null}},"line":7},"2":{"name":"(anonymous_2)","decl":{"start":{"line":16,"column":8},"end":{"line":16,"column":19}},"loc":{"start":{"line":16,"column":25},"end":{"line":16,"column":null}},"line":16}},"branchMap":{},"s":{"0":39,"1":2,"2":39,"3":15},"f":{"0":39,"1":2,"2":15},"b":{},"meta":{"lastBranch":0,"lastFunction":3,"lastStatement":4,"seen":{"f:4:9:4:16":0,"s:5:22:5:59":0,"f:7:11:7:31":1,"s:8:4:8:Infinity":1,"s:11:2:24:Infinity":2,"f:16:8:16:19":2,"s:16:25:16:Infinity":3}}}
,"C:\\Users\\koste\\OneDrive\\Рабочий стол\\RSS React\\react-class-components\\src\\context\\ThemeContext.tsx": {"path":"C:\\Users\\koste\\OneDrive\\Рабочий стол\\RSS React\\react-class-components\\src\\context\\ThemeContext.tsx","statementMap":{"0":{"start":{"line":8,"column":13},"end":{"line":11,"column":2}},"1":{"start":{"line":14,"column":2},"end":{"line":14,"column":null}}},"fnMap":{"0":{"name":"(anonymous_0)","decl":{"start":{"line":10,"column":2},"end":{"line":10,"column":18}},"loc":{"start":{"line":10,"column":18},"end":{"line":10,"column":null}},"line":10},"1":{"name":"useTheme","decl":{"start":{"line":13,"column":16},"end":{"line":13,"column":27}},"loc":{"start":{"line":13,"column":27},"end":{"line":14,"column":null}},"line":13}},"branchMap":{},"s":{"0":4,"1":19},"f":{"0":0,"1":19},"b":{},"meta":{"lastBranch":0,"lastFunction":2,"lastStatement":2,"seen":{"s:8:13:11:2":0,"f:10:2:10:18":0,"f:13:16:13:27":1,"s:14:2:14:Infinity":1}}}
,"C:\\Users\\koste\\OneDrive\\Рабочий стол\\RSS React\\react-class-components\\src\\context\\ThemeProvider.tsx": {"path":"C:\\Users\\koste\\OneDrive\\Рабочий стол\\RSS React\\react-class-components\\src\\context\\ThemeProvider.tsx","statementMap":{"0":{"start":{"line":5,"column":16},"end":{"line":5,"column":45}},"1":{"start":{"line":7,"column":2},"end":{"line":9,"column":null}},"2":{"start":{"line":8,"column":4},"end":{"line":8,"column":null}},"3":{"start":{"line":11,"column":2},"end":{"line":14,"column":null}}},"fnMap":{"0":{"name":"ThemeProvider","decl":{"start":{"line":4,"column":9},"end":{"line":4,"column":23}},"loc":{"start":{"line":4,"column":68},"end":{"line":14,"column":null}},"line":4},"1":{"name":"(anonymous_1)","decl":{"start":{"line":7,"column":2},"end":{"line":7,"column":18}},"loc":{"start":{"line":7,"column":18},"end":{"line":9,"column":6}},"line":7}},"branchMap":{},"s":{"0":3,"1":3,"2":3,"3":3},"f":{"0":3,"1":3},"b":{},"meta":{"lastBranch":0,"lastFunction":2,"lastStatement":4,"seen":{"f:4:9:4:23":0,"s:5:16:5:45":0,"s:7:2:9:Infinity":1,"f:7:2:7:18":1,"s:8:4:8:Infinity":2,"s:11:2:14:Infinity":3}}}
,"C:\\Users\\koste\\OneDrive\\Рабочий стол\\RSS React\\react-class-components\\src\\hooks\\useLocalStorage.ts": {"path":"C:\\Users\\koste\\OneDrive\\Рабочий стол\\RSS React\\react-class-components\\src\\hooks\\useLocalStorage.ts","statementMap":{"0":{"start":{"line":4,"column":8},"end":{"line":4,"column":65}},"1":{"start":{"line":4,"column":32},"end":{"line":4,"column":57}},"2":{"start":{"line":5,"column":8},"end":{"line":7,"column":null}},"3":{"start":{"line":6,"column":23},"end":{"line":6,"column":55}},"4":{"start":{"line":9,"column":2},"end":{"line":9,"column":null}}},"fnMap":{"0":{"name":"useLocalStorage","decl":{"start":{"line":3,"column":16},"end":{"line":3,"column":32}},"loc":{"start":{"line":3,"column":45},"end":{"line":9,"column":null}},"line":3},"1":{"name":"(anonymous_1)","decl":{"start":{"line":4,"column":14},"end":{"line":4,"column":32}},"loc":{"start":{"line":4,"column":32},"end":{"line":4,"column":57}},"line":4},"2":{"name":"(anonymous_2)","decl":{"start":{"line":5,"column":14},"end":{"line":5,"column":null}},"loc":{"start":{"line":6,"column":23},"end":{"line":6,"column":55}},"line":6}},"branchMap":{},"s":{"0":34,"1":34,"2":34,"3":1,"4":34},"f":{"0":34,"1":34,"2":1},"b":{},"meta":{"lastBranch":0,"lastFunction":3,"lastStatement":5,"seen":{"f:3:16:3:32":0,"s:4:8:4:65":0,"f:4:14:4:32":1,"s:4:32:4:57":1,"s:5:8:7:Infinity":2,"f:5:14:5:Infinity":2,"s:6:23:6:55":3,"s:9:2:9:Infinity":4}}}
,"C:\\Users\\koste\\OneDrive\\Рабочий стол\\RSS React\\react-class-components\\src\\pages\\AboutPage\\AboutPage.tsx": {"path":"C:\\Users\\koste\\OneDrive\\Рабочий стол\\RSS React\\react-class-components\\src\\pages\\AboutPage\\AboutPage.tsx","statementMap":{"0":{"start":{"line":4,"column":2},"end":{"line":19,"column":null}}},"fnMap":{"0":{"name":"AboutPage","decl":{"start":{"line":3,"column":9},"end":{"line":3,"column":21}},"loc":{"start":{"line":3,"column":21},"end":{"line":19,"column":null}},"line":3}},"branchMap":{},"s":{"0":2},"f":{"0":2},"b":{},"meta":{"lastBranch":0,"lastFunction":1,"lastStatement":1,"seen":{"f:3:9:3:21":0,"s:4:2:19:Infinity":0}}}
,"C:\\Users\\koste\\OneDrive\\Рабочий стол\\RSS React\\react-class-components\\src\\pages\\MainPage\\MainPage.tsx": {"path":"C:\\Users\\koste\\OneDrive\\Рабочий стол\\RSS React\\react-class-components\\src\\pages\\MainPage\\MainPage.tsx","statementMap":{"0":{"start":{"line":13,"column":8},"end":{"line":13,"column":48}},"1":{"start":{"line":14,"column":23},"end":{"line":14,"column":59}},"2":{"start":{"line":15,"column":15},"end":{"line":15,"column":null}},"3":{"start":{"line":16,"column":22},"end":{"line":16,"column":35}},"4":{"start":{"line":17,"column":21},"end":{"line":17,"column":53}},"5":{"start":{"line":18,"column":8},"end":{"line":18,"column":66}},"6":{"start":{"line":18,"column":23},"end":{"line":18,"column":66}},"7":{"start":{"line":19,"column":8},"end":{"line":19,"column":66}},"8":{"start":{"line":19,"column":23},"end":{"line":19,"column":66}},"9":{"start":{"line":20,"column":8},"end":{"line":21,"column":null}},"10":{"start":{"line":21,"column":4},"end":{"line":21,"column":null}},"11":{"start":{"line":25,"column":25},"end":{"line":25,"column":37}},"12":{"start":{"line":27,"column":4},"end":{"line":27,"column":null}},"13":{"start":{"line":28,"column":4},"end":{"line":28,"column":null}},"14":{"start":{"line":31,"column":27},"end":{"line":55,"column":4}},"15":{"start":{"line":34,"column":6},"end":{"line":52,"column":null}},"16":{"start":{"line":35,"column":8},"end":{"line":42,"column":null}},"17":{"start":{"line":37,"column":12},"end":{"line":38,"column":null}},"18":{"start":{"line":38,"column":14},"end":{"line":38,"column":null}},"19":{"start":{"line":40,"column":12},"end":{"line":40,"column":null}},"20":{"start":{"line":44,"column":14},"end":{"line":44,"column":null}},"21":{"start":{"line":45,"column":8},"end":{"line":52,"column":null}},"22":{"start":{"line":48,"column":10},"end":{"line":49,"column":null}},"23":{"start":{"line":49,"column":12},"end":{"line":49,"column":null}},"24":{"start":{"line":51,"column":10},"end":{"line":51,"column":null}},"25":{"start":{"line":57,"column":8},"end":{"line":57,"column":38}},"26":{"start":{"line":59,"column":8},"end":{"line":60,"column":null}},"27":{"start":{"line":60,"column":4},"end":{"line":60,"column":null}},"28":{"start":{"line":63,"column":30},"end":{"line":72,"column":8}},"29":{"start":{"line":74,"column":2},"end":{"line":75,"column":null}},"30":{"start":{"line":75,"column":4},"end":{"line":75,"column":null}},"31":{"start":{"line":78,"column":8},"end":{"line":80,"column":null}},"32":{"start":{"line":79,"column":4},"end":{"line":79,"column":null}},"33":{"start":{"line":80,"column":4},"end":{"line":80,"column":null}},"34":{"start":{"line":83,"column":2},"end":{"line":119,"column":null}},"35":{"start":{"line":107,"column":25},"end":{"line":107,"column":44}}},"fnMap":{"0":{"name":"MainPage","decl":{"start":{"line":12,"column":9},"end":{"line":12,"column":20}},"loc":{"start":{"line":12,"column":20},"end":{"line":119,"column":null}},"line":12},"1":{"name":"(anonymous_1)","decl":{"start":{"line":18,"column":8},"end":{"line":18,"column":23}},"loc":{"start":{"line":18,"column":23},"end":{"line":18,"column":66}},"line":18},"2":{"name":"(anonymous_2)","decl":{"start":{"line":19,"column":8},"end":{"line":19,"column":23}},"loc":{"start":{"line":19,"column":23},"end":{"line":19,"column":66}},"line":19},"3":{"name":"(anonymous_3)","decl":{"start":{"line":20,"column":8},"end":{"line":20,"column":20}},"loc":{"start":{"line":20,"column":35},"end":{"line":21,"column":null}},"line":20},"4":{"name":"handleSearch","decl":{"start":{"line":24,"column":11},"end":{"line":24,"column":24}},"loc":{"start":{"line":24,"column":39},"end":{"line":28,"column":null}},"line":24},"5":{"name":"(anonymous_5)","decl":{"start":{"line":33,"column":4},"end":{"line":33,"column":19}},"loc":{"start":{"line":33,"column":19},"end":{"line":52,"column":null}},"line":33},"6":{"name":"(anonymous_6)","decl":{"start":{"line":35,"column":73},"end":{"line":35,"column":null}},"loc":{"start":{"line":36,"column":19},"end":{"line":42,"column":null}},"line":36},"7":{"name":"(anonymous_7)","decl":{"start":{"line":47,"column":10},"end":{"line":47,"column":16}},"loc":{"start":{"line":47,"column":24},"end":{"line":52,"column":null}},"line":47},"8":{"name":"(anonymous_8)","decl":{"start":{"line":59,"column":8},"end":{"line":59,"column":29}},"loc":{"start":{"line":59,"column":29},"end":{"line":60,"column":null}},"line":59},"9":{"name":"(anonymous_9)","decl":{"start":{"line":78,"column":8},"end":{"line":78,"column":28}},"loc":{"start":{"line":78,"column":28},"end":{"line":80,"column":null}},"line":78},"10":{"name":"(anonymous_10)","decl":{"start":{"line":107,"column":10},"end":{"line":107,"column":25}},"loc":{"start":{"line":107,"column":25},"end":{"line":107,"column":44}},"line":107}},"branchMap":{"0":{"loc":{"start":{"line":15,"column":15},"end":{"line":15,"column":null}},"type":"binary-expr","locations":[{"start":{"line":15,"column":15},"end":{"line":15,"column":47}},{"start":{"line":15,"column":51},"end":{"line":15,"column":null}}],"line":15},"1":{"loc":{"start":{"line":34,"column":6},"end":{"line":52,"column":null}},"type":"if","locations":[{"start":{"line":34,"column":6},"end":{"line":52,"column":null}},{"start":{"line":43,"column":13},"end":{"line":52,"column":null}}],"line":34},"2":{"loc":{"start":{"line":37,"column":12},"end":{"line":38,"column":null}},"type":"if","locations":[{"start":{"line":37,"column":12},"end":{"line":38,"column":null}},{"start":{},"end":{}}],"line":37},"3":{"loc":{"start":{"line":48,"column":10},"end":{"line":49,"column":null}},"type":"if","locations":[{"start":{"line":48,"column":10},"end":{"line":49,"column":null}},{"start":{},"end":{}}],"line":48},"4":{"loc":{"start":{"line":63,"column":30},"end":{"line":72,"column":8}},"type":"cond-expr","locations":[{"start":{"line":64,"column":6},"end":{"line":70,"column":null}},{"start":{"line":72,"column":6},"end":{"line":72,"column":8}}],"line":63},"5":{"loc":{"start":{"line":64,"column":6},"end":{"line":70,"column":null}},"type":"cond-expr","locations":[{"start":{"line":65,"column":8},"end":{"line":65,"column":null}},{"start":{"line":66,"column":8},"end":{"line":70,"column":null}}],"line":64},"6":{"loc":{"start":{"line":74,"column":2},"end":{"line":75,"column":null}},"type":"if","locations":[{"start":{"line":74,"column":2},"end":{"line":75,"column":null}},{"start":{},"end":{}}],"line":74},"7":{"loc":{"start":{"line":93,"column":21},"end":{"line":93,"column":null}},"type":"binary-expr","locations":[{"start":{"line":93,"column":21},"end":{"line":93,"column":39}},{"start":{"line":93,"column":39},"end":{"line":93,"column":null}}],"line":93},"8":{"loc":{"start":{"line":95,"column":13},"end":{"line":96,"column":null}},"type":"binary-expr","locations":[{"start":{"line":95,"column":13},"end":{"line":95,"column":null}},{"start":{"line":96,"column":14},"end":{"line":96,"column":null}}],"line":95}},"s":{"0":15,"1":15,"2":15,"3":15,"4":15,"5":15,"6":0,"7":15,"8":0,"9":15,"10":0,"11":1,"12":1,"13":1,"14":15,"15":8,"16":3,"17":3,"18":1,"19":2,"20":5,"21":5,"22":5,"23":1,"24":4,"25":15,"26":15,"27":0,"28":15,"29":15,"30":0,"31":15,"32":0,"33":0,"34":15,"35":0},"f":{"0":15,"1":0,"2":0,"3":0,"4":1,"5":8,"6":3,"7":5,"8":0,"9":0,"10":0},"b":{"0":[15,11],"1":[3,5],"2":[1,2],"3":[1,4],"4":[5,10],"5":[3,2],"6":[0,15],"7":[15,13],"8":[15,7]},"meta":{"lastBranch":9,"lastFunction":11,"lastStatement":36,"seen":{"f:12:9:12:20":0,"s:13:8:13:48":0,"s:14:23:14:59":1,"s:15:15:15:Infinity":2,"b:15:15:15:47:15:51:15:Infinity":0,"s:16:22:16:35":3,"s:17:21:17:53":4,"s:18:8:18:66":5,"f:18:8:18:23":1,"s:18:23:18:66":6,"s:19:8:19:66":7,"f:19:8:19:23":2,"s:19:23:19:66":8,"s:20:8:21:Infinity":9,"f:20:8:20:20":3,"s:21:4:21:Infinity":10,"f:24:11:24:24":4,"s:25:25:25:37":11,"s:27:4:27:Infinity":12,"s:28:4:28:Infinity":13,"s:31:27:55:4":14,"f:33:4:33:19":5,"b:34:6:52:Infinity:43:13:52:Infinity":1,"s:34:6:52:Infinity":15,"s:35:8:42:Infinity":16,"f:35:73:35:Infinity":6,"b:37:12:38:Infinity:undefined:undefined:undefined:undefined":2,"s:37:12:38:Infinity":17,"s:38:14:38:Infinity":18,"s:40:12:40:Infinity":19,"s:44:14:44:Infinity":20,"s:45:8:52:Infinity":21,"f:47:10:47:16":7,"b:48:10:49:Infinity:undefined:undefined:undefined:undefined":3,"s:48:10:49:Infinity":22,"s:49:12:49:Infinity":23,"s:51:10:51:Infinity":24,"s:57:8:57:38":25,"s:59:8:60:Infinity":26,"f:59:8:59:29":8,"s:60:4:60:Infinity":27,"s:63:30:72:8":28,"b:64:6:70:Infinity:72:6:72:8":4,"b:65:8:65:Infinity:66:8:70:Infinity":5,"b:74:2:75:Infinity:undefined:undefined:undefined:undefined":6,"s:74:2:75:Infinity":29,"s:75:4:75:Infinity":30,"s:78:8:80:Infinity":31,"f:78:8:78:28":9,"s:79:4:79:Infinity":32,"s:80:4:80:Infinity":33,"s:83:2:119:Infinity":34,"b:93:21:93:39:93:39:93:Infinity":7,"b:95:13:95:Infinity:96:14:96:Infinity":8,"f:107:10:107:25":10,"s:107:25:107:44":35}}}
,"C:\\Users\\koste\\OneDrive\\Рабочий стол\\RSS React\\react-class-components\\src\\pages\\NotFoundPage\\NotFoundPage.tsx": {"path":"C:\\Users\\koste\\OneDrive\\Рабочий стол\\RSS React\\react-class-components\\src\\pages\\NotFoundPage\\NotFoundPage.tsx","statementMap":{"0":{"start":{"line":4,"column":2},"end":{"line":13,"column":null}}},"fnMap":{"0":{"name":"NotFoundPage","decl":{"start":{"line":3,"column":9},"end":{"line":3,"column":24}},"loc":{"start":{"line":3,"column":24},"end":{"line":13,"column":null}},"line":3}},"branchMap":{},"s":{"0":2},"f":{"0":2},"b":{},"meta":{"lastBranch":0,"lastFunction":1,"lastStatement":1,"seen":{"f:3:9:3:24":0,"s:4:2:13:Infinity":0}}}
,"C:\\Users\\koste\\OneDrive\\Рабочий стол\\RSS React\\react-class-components\\src\\pages\\PokemonDetailPage\\PokemonDetailPage.tsx": {"path":"C:\\Users\\koste\\OneDrive\\Рабочий стол\\RSS React\\react-class-components\\src\\pages\\PokemonDetailPage\\PokemonDetailPage.tsx","statementMap":{"0":{"start":{"line":6,"column":23},"end":{"line":6,"column":59}},"1":{"start":{"line":7,"column":13},"end":{"line":7,"column":40}},"2":{"start":{"line":9,"column":8},"end":{"line":11,"column":null}},"3":{"start":{"line":10,"column":4},"end":{"line":10,"column":null}},"4":{"start":{"line":11,"column":4},"end":{"line":11,"column":null}},"5":{"start":{"line":14,"column":27},"end":{"line":21,"column":4}},"6":{"start":{"line":17,"column":6},"end":{"line":18,"column":null}},"7":{"start":{"line":18,"column":8},"end":{"line":18,"column":18}},"8":{"start":{"line":22,"column":2},"end":{"line":22,"column":null}},"9":{"start":{"line":22,"column":11},"end":{"line":22,"column":null}},"10":{"start":{"line":24,"column":2},"end":{"line":24,"column":null}},"11":{"start":{"line":24,"column":15},"end":{"line":24,"column":null}},"12":{"start":{"line":26,"column":2},"end":{"line":33,"column":null}},"13":{"start":{"line":27,"column":4},"end":{"line":33,"column":null}},"14":{"start":{"line":37,"column":2},"end":{"line":38,"column":null}},"15":{"start":{"line":38,"column":4},"end":{"line":38,"column":null}},"16":{"start":{"line":41,"column":2},"end":{"line":56,"column":null}},"17":{"start":{"line":47,"column":8},"end":{"line":49,"column":null}}},"fnMap":{"0":{"name":"PokemonDetailPage","decl":{"start":{"line":5,"column":16},"end":{"line":5,"column":36}},"loc":{"start":{"line":5,"column":36},"end":{"line":56,"column":null}},"line":5},"1":{"name":"(anonymous_1)","decl":{"start":{"line":9,"column":8},"end":{"line":9,"column":28}},"loc":{"start":{"line":9,"column":28},"end":{"line":11,"column":null}},"line":9},"2":{"name":"(anonymous_2)","decl":{"start":{"line":16,"column":4},"end":{"line":16,"column":null}},"loc":{"start":{"line":17,"column":6},"end":{"line":18,"column":null}},"line":17},"3":{"name":"(anonymous_3)","decl":{"start":{"line":17,"column":55},"end":{"line":17,"column":61}},"loc":{"start":{"line":18,"column":8},"end":{"line":18,"column":18}},"line":18},"4":{"name":"(anonymous_4)","decl":{"start":{"line":46,"column":22},"end":{"line":46,"column":27}},"loc":{"start":{"line":47,"column":8},"end":{"line":49,"column":null}},"line":47}},"branchMap":{"0":{"loc":{"start":{"line":22,"column":2},"end":{"line":22,"column":null}},"type":"if","locations":[{"start":{"line":22,"column":2},"end":{"line":22,"column":null}},{"start":{},"end":{}}],"line":22},"1":{"loc":{"start":{"line":24,"column":2},"end":{"line":24,"column":null}},"type":"if","locations":[{"start":{"line":24,"column":2},"end":{"line":24,"column":null}},{"start":{},"end":{}}],"line":24},"2":{"loc":{"start":{"line":26,"column":2},"end":{"line":33,"column":null}},"type":"if","locations":[{"start":{"line":26,"column":2},"end":{"line":33,"column":null}},{"start":{},"end":{}}],"line":26},"3":{"loc":{"start":{"line":37,"column":2},"end":{"line":38,"column":null}},"type":"if","locations":[{"start":{"line":37,"column":2},"end":{"line":38,"column":null}},{"start":{},"end":{}}],"line":37}},"s":{"0":6,"1":6,"2":6,"3":0,"4":0,"5":6,"6":2,"7":1,"8":6,"9":3,"10":3,"11":0,"12":3,"13":2,"14":1,"15":0,"16":1,"17":1},"f":{"0":6,"1":0,"2":2,"3":1,"4":1},"b":{"0":[3,3],"1":[0,3],"2":[2,1],"3":[0,1]},"meta":{"lastBranch":4,"lastFunction":5,"lastStatement":18,"seen":{"f:5:16:5:36":0,"s:6:23:6:59":0,"s:7:13:7:40":1,"s:9:8:11:Infinity":2,"f:9:8:9:28":1,"s:10:4:10:Infinity":3,"s:11:4:11:Infinity":4,"s:14:27:21:4":5,"f:16:4:16:Infinity":2,"s:17:6:18:Infinity":6,"f:17:55:17:61":3,"s:18:8:18:18":7,"b:22:2:22:Infinity:undefined:undefined:undefined:undefined":0,"s:22:2:22:Infinity":8,"s:22:11:22:Infinity":9,"b:24:2:24:Infinity:undefined:undefined:undefined:undefined":1,"s:24:2:24:Infinity":10,"s:24:15:24:Infinity":11,"b:26:2:33:Infinity:undefined:undefined:undefined:undefined":2,"s:26:2:33:Infinity":12,"s:27:4:33:Infinity":13,"b:37:2:38:Infinity:undefined:undefined:undefined:undefined":3,"s:37:2:38:Infinity":14,"s:38:4:38:Infinity":15,"s:41:2:56:Infinity":16,"f:46:22:46:27":4,"s:47:8:49:Infinity":17}}}
,"C:\\Users\\koste\\OneDrive\\Рабочий стол\\RSS React\\react-class-components\\src\\store\\store.ts": {"path":"C:\\Users\\koste\\OneDrive\\Рабочий стол\\RSS React\\react-class-components\\src\\store\\store.ts","statementMap":{"0":{"start":{"line":11,"column":6},"end":{"line":26,"column":3}},"1":{"start":{"line":11,"column":55},"end":{"line":26,"column":3}},"2":{"start":{"line":15,"column":4},"end":{"line":17,"column":7}},"3":{"start":{"line":15,"column":45},"end":{"line":16,"column":null}},"4":{"start":{"line":19,"column":4},"end":{"line":21,"column":7}},"5":{"start":{"line":19,"column":45},"end":{"line":20,"column":null}},"6":{"start":{"line":20,"column":45},"end":{"line":20,"column":67}},"7":{"start":{"line":23,"column":4},"end":{"line":25,"column":null}},"8":{"start":{"line":23,"column":15},"end":{"line":24,"column":null}}},"fnMap":{"0":{"name":"(anonymous_0)","decl":{"start":{"line":11,"column":24},"end":{"line":11,"column":46}},"loc":{"start":{"line":11,"column":55},"end":{"line":26,"column":3}},"line":11},"1":{"name":"(anonymous_1)","decl":{"start":{"line":14,"column":2},"end":{"line":14,"column":15}},"loc":{"start":{"line":15,"column":4},"end":{"line":17,"column":7}},"line":15},"2":{"name":"(anonymous_2)","decl":{"start":{"line":15,"column":4},"end":{"line":15,"column":9}},"loc":{"start":{"line":15,"column":45},"end":{"line":16,"column":null}},"line":15},"3":{"name":"(anonymous_3)","decl":{"start":{"line":18,"column":2},"end":{"line":18,"column":18}},"loc":{"start":{"line":19,"column":4},"end":{"line":21,"column":7}},"line":19},"4":{"name":"(anonymous_4)","decl":{"start":{"line":19,"column":4},"end":{"line":19,"column":9}},"loc":{"start":{"line":19,"column":45},"end":{"line":20,"column":null}},"line":19},"5":{"name":"(anonymous_5)","decl":{"start":{"line":20,"column":31},"end":{"line":20,"column":39}},"loc":{"start":{"line":20,"column":45},"end":{"line":20,"column":67}},"line":20},"6":{"name":"(anonymous_6)","decl":{"start":{"line":22,"column":2},"end":{"line":22,"column":null}},"loc":{"start":{"line":23,"column":4},"end":{"line":25,"column":null}},"line":23},"7":{"name":"(anonymous_7)","decl":{"start":{"line":23,"column":4},"end":{"line":23,"column":15}},"loc":{"start":{"line":23,"column":15},"end":{"line":24,"column":null}},"line":23}},"branchMap":{},"s":{"0":7,"1":7,"2":2,"3":2,"4":1,"5":1,"6":0,"7":2,"8":2},"f":{"0":7,"1":2,"2":2,"3":1,"4":1,"5":0,"6":2,"7":2},"b":{},"meta":{"lastBranch":0,"lastFunction":8,"lastStatement":9,"seen":{"s:11:6:26:3":0,"f:11:24:11:46":0,"s:11:55:26:3":1,"f:14:2:14:15":1,"s:15:4:17:7":2,"f:15:4:15:9":2,"s:15:45:16:Infinity":3,"f:18:2:18:18":3,"s:19:4:21:7":4,"f:19:4:19:9":4,"s:19:45:20:Infinity":5,"f:20:31:20:39":5,"s:20:45:20:67":6,"f:22:2:22:Infinity":6,"s:23:4:25:Infinity":7,"f:23:4:23:15":7,"s:23:15:24:Infinity":8}}}
}
